<?xml version="1.0" encoding="UTF-8"?>
<testng-results ignored="0" total="1" passed="1" failed="0" skipped="0">
  <reporter-output>
  </reporter-output>
  <suite started-at="2020-12-14T15:40:53 IST" name="test.NewTest" finished-at="2020-12-14T15:40:53 IST" duration-ms="170">
    <groups>
    </groups>
    <test started-at="2020-12-14T15:40:53 IST" name="Command line test" finished-at="2020-12-14T15:40:53 IST" duration-ms="170">
      <class name="test.NewTest">
        <test-method signature="f()[pri:0, instance:test.NewTest@28eaa59a]" started-at="2020-12-14T15:40:53 IST" name="f" finished-at="2020-12-14T15:40:53 IST" duration-ms="18" status="PASS">
          <reporter-output>
          </reporter-output>
        </test-method> <!-- f -->
      </class> <!-- test.NewTest -->
    </test> <!-- Command line test -->
  </suite> <!-- test.NewTest -->
</testng-results>
